#
# A fatal error has been detected by the Java Runtime Environment:
#
#  EXCEPTION_ACCESS_VIOLATION (0xc0000005) at pc=0x0000000002b26628, pid=28828, tid=25276
#
# JRE version: Java(TM) SE Runtime Environment (8.0_73-b02) (build 1.8.0_73-b02)
# Java VM: Java HotSpot(TM) 64-Bit Server VM (25.73-b02 mixed mode windows-amd64 compressed oops)
# Problematic frame:
# J 454 C2 java.lang.StringBuilder.append(Ljava/lang/String;)Ljava/lang/StringBuilder; (8 bytes) @ 0x0000000002b26628 [0x0000000002b265e0+0x48]
#
# Failed to write core dump. Minidumps are not enabled by default on client versions of Windows
#
# If you would like to submit a bug report, please visit:
#   http://bugreport.java.com/bugreport/crash.jsp
#

---------------  T H R E A D  ---------------

Current thread (0x000000000254c000):  JavaThread "main" [_thread_in_Java, id=25276, stack(0x00000000026a0000,0x00000000027a0000)]

siginfo: ExceptionCode=0xc0000005, reading address 0x0000000800000004

Registers:
RAX=0x00000000194f95f8, RBX=0x00000000194f95f8, RCX=0x00000000ffffffff, RDX=0x0000000781cead88
RSP=0x000000000279e630, RBP=0x000000000279e738, RSI=0x0000000781bf9a18, RDI=0x00000000fffffff6
R8 =0x0000000781cead70, R9 =0x00000000fffffff6, R10=0x0000000057eb3190, R11=0x0000000002b26600
R12=0x0000000000000000, R13=0x000000000279e6e8, R14=0x000000000279e750, R15=0x000000000254c000
RIP=0x0000000002b26628, EFLAGS=0x0000000000010286

Top of Stack: (sp=0x000000000279e630)
0x000000000279e630:   0000000781bf9a18 0000000019919a78
0x000000000279e640:   0000000000000000 000000000279e660
0x000000000279e650:   000000000279e738 0000000002aab834
0x000000000279e660:   0000000781cead88 000000000279e668
0x000000000279e670:   0000000019919103 000000000279e6e8
0x000000000279e680:   0000000019921e70 0000000000000000
0x000000000279e690:   00000000199191c8 0000000000000000
0x000000000279e6a0:   0000000781bf9a18 0000000781cead88
0x000000000279e6b0:   0000000781cead70 0000000000000000
0x000000000279e6c0:   000000000279e738 0000000002907d8d
0x000000000279e6d0:   000000000279e738 0000000002907b10
0x000000000279e6e0:   0000000002907b10 0000000781cead70
0x000000000279e6f0:   0000000781cead88 000000000279e6f8
0x000000000279e700:   000000001991207c 000000000279e750
0x000000000279e710:   0000000019912160 0000000000000000
0x000000000279e720:   00000000199120c8 000000000279e6e8 

Instructions: (pc=0x0000000002b26628)
0x0000000002b26608:   48 81 ec a0 00 00 00 48 89 54 24 30 4c 89 84 24
0x0000000002b26618:   80 00 00 00 41 8b 48 0c 85 c9 0f 84 37 02 00 00
0x0000000002b26628:   41 8b 5c cc 0c 44 8b 52 10 44 8b 5a 0c 8b eb 41
0x0000000002b26638:   03 eb 45 85 d2 0f 84 46 02 00 00 47 8b 44 d4 0c 


Register to memory mapping:

RAX={method} {0x00000000194f9600} 'append' '(Ljava/lang/String;)Ljava/lang/StringBuilder;' in 'java/lang/StringBuilder'
RBX={method} {0x00000000194f9600} 'append' '(Ljava/lang/String;)Ljava/lang/StringBuilder;' in 'java/lang/StringBuilder'
RCX=0x00000000ffffffff is an unknown value
RDX=0x0000000781cead88 is an oop
java.lang.StringBuilder 
 - klass: 'java/lang/StringBuilder'
RSP=0x000000000279e630 is pointing into the stack for thread: 0x000000000254c000
RBP=0x000000000279e738 is pointing into the stack for thread: 0x000000000254c000
RSI=0x0000000781bf9a18 is an oop
java.lang.String 
 - klass: 'java/lang/String'
RDI=0x00000000fffffff6 is an unknown value
R8 =0x0000000781cead70 is an oop
com.simba.model.TestSerialization 
 - klass: 'com/simba/model/TestSerialization'
R9 =0x00000000fffffff6 is an unknown value
R10=0x0000000057eb3190 is an unknown value
R11=0x0000000002b26600 is at entry_point+32 in (nmethod*)0x0000000002b26490
R12=0x0000000000000000 is an unknown value
R13=0x000000000279e6e8 is pointing into the stack for thread: 0x000000000254c000
R14=0x000000000279e750 is pointing into the stack for thread: 0x000000000254c000
R15=0x000000000254c000 is a thread


Stack: [0x00000000026a0000,0x00000000027a0000],  sp=0x000000000279e630,  free space=1017k
Native frames: (J=compiled Java code, j=interpreted, Vv=VM code, C=native code)
C  0x0000000002b26628


---------------  P R O C E S S  ---------------

Java Threads: ( => current thread )
  0x000000001b333800 JavaThread "Service Thread" daemon [_thread_blocked, id=8868, stack(0x000000001c160000,0x000000001c260000)]
  0x000000001b2c7000 JavaThread "C1 CompilerThread2" daemon [_thread_blocked, id=26376, stack(0x000000001bf20000,0x000000001c020000)]
  0x000000001b2c5000 JavaThread "C2 CompilerThread1" daemon [_thread_blocked, id=9460, stack(0x000000001be00000,0x000000001bf00000)]
  0x000000001b2c2000 JavaThread "C2 CompilerThread0" daemon [_thread_blocked, id=16908, stack(0x000000001b5c0000,0x000000001b6c0000)]
  0x000000001b050000 JavaThread "JDWP Command Reader" daemon [_thread_in_native, id=27452, stack(0x000000001bc60000,0x000000001bd60000)]
  0x000000001b04a800 JavaThread "JDWP Event Helper Thread" daemon [_thread_blocked, id=25856, stack(0x000000001ba40000,0x000000001bb40000)]
  0x000000001b03b800 JavaThread "JDWP Transport Listener: dt_socket" daemon [_thread_blocked, id=27092, stack(0x000000001b8f0000,0x000000001b9f0000)]
  0x000000001b02c800 JavaThread "Attach Listener" daemon [_thread_blocked, id=18080, stack(0x000000001b780000,0x000000001b880000)]
  0x0000000019e7f000 JavaThread "Signal Dispatcher" daemon [_thread_blocked, id=22936, stack(0x000000001b490000,0x000000001b590000)]
  0x0000000019e16000 JavaThread "Finalizer" daemon [_thread_blocked, id=28480, stack(0x000000001ae00000,0x000000001af00000)]
  0x0000000019e15000 JavaThread "Reference Handler" daemon [_thread_blocked, id=10404, stack(0x000000001af20000,0x000000001b020000)]
=>0x000000000254c000 JavaThread "main" [_thread_in_Java, id=25276, stack(0x00000000026a0000,0x00000000027a0000)]

Other Threads:
  0x0000000019e0f800 VMThread [stack: 0x000000001acf0000,0x000000001adf0000] [id=28504]
  0x000000001b37d800 WatcherThread [stack: 0x000000001c330000,0x000000001c430000] [id=29640]

VM state:not at safepoint (normal execution)

VM Mutex/Monitor currently owned by a thread: None

Heap:
 PSYoungGen      total 57344K, used 22708K [0x0000000780700000, 0x0000000784700000, 0x00000007c0000000)
  eden space 49152K, 46% used [0x0000000780700000,0x0000000781d2d3f8,0x0000000783700000)
  from space 8192K, 0% used [0x0000000783f00000,0x0000000783f00000,0x0000000784700000)
  to   space 8192K, 0% used [0x0000000783700000,0x0000000783700000,0x0000000783f00000)
 ParOldGen       total 131072K, used 0K [0x0000000701400000, 0x0000000709400000, 0x0000000780700000)
  object space 131072K, 0% used [0x0000000701400000,0x0000000701400000,0x0000000709400000)
 Metaspace       used 7857K, capacity 8074K, committed 8192K, reserved 1056768K
  class space    used 881K, capacity 966K, committed 1024K, reserved 1048576K

Card table byte_map: [0x0000000011cc0000,0x00000000122c0000] byte_map_base: 0x000000000e4b6000

Marking Bits: (ParMarkBitMap*) 0x0000000057ed0600
 Begin Bits: [0x0000000012f20000, 0x0000000015ed0000)
 End Bits:   [0x0000000015ed0000, 0x0000000018e80000)

Polling page: 0x00000000002f0000

CodeCache: size=245760Kb used=2476Kb max_used=2476Kb free=243284Kb
 bounds [0x0000000002900000, 0x0000000002b70000, 0x0000000011900000]
 total_blobs=857 nmethods=553 adapters=225
 compilation: enabled

Compilation events (10 events):
Event: 0.637 Thread 0x000000001b2c7000  549       3       java.net.URLStreamHandler::toExternalForm (219 bytes)
Event: 0.638 Thread 0x000000001b2c7000 nmethod 549 0x0000000002b67c50 code [0x0000000002b67fe0, 0x0000000002b6b498]
Event: 0.638 Thread 0x000000001b2c7000  550       3       java.lang.ClassLoader::compareCerts (149 bytes)
Event: 0.639 Thread 0x000000001b2c7000 nmethod 550 0x0000000002b66b10 code [0x0000000002b66ce0, 0x0000000002b675b8]
Event: 0.641 Thread 0x000000001b2c7000  551       3       sun.misc.PerfCounter::getParentDelegationTime (4 bytes)
Event: 0.641 Thread 0x000000001b2c7000 nmethod 551 0x0000000002b66810 code [0x0000000002b66960, 0x0000000002b66a90]
Event: 0.641 Thread 0x000000001b2c7000  552       3       sun.misc.PerfCounter::addTime (6 bytes)
Event: 0.642 Thread 0x000000001b2c7000 nmethod 552 0x0000000002b65b90 code [0x0000000002b65d40, 0x0000000002b66458]
Event: 0.642 Thread 0x000000001b2c7000  553       3       sun.misc.PerfCounter::getFindClassTime (4 bytes)
Event: 0.642 Thread 0x000000001b2c7000 nmethod 553 0x0000000002b65890 code [0x0000000002b659e0, 0x0000000002b65b10]

GC Heap History (0 events):
No events

Deoptimization events (0 events):
No events

Internal exceptions (10 events):
Event: 0.358 Thread 0x000000000254c000 Exception <a 'java/security/PrivilegedActionException'> (0x0000000780d8fc88) thrown at [D:\re\puppet\workspace\8-2-build-windows-amd64-cygwin\jdk8u73\6086\hotspot\src\share\vm\prims\jvm.cpp, line 1386]
Event: 0.574 Thread 0x000000000254c000 Exception <a 'java/lang/NoSuchFieldError': method resolution failed> (0x0000000781916200) thrown at [D:\re\puppet\workspace\8-2-build-windows-amd64-cygwin\jdk8u73\6086\hotspot\src\share\vm\prims\methodHandles.cpp, line 1146]
Event: 0.575 Thread 0x000000000254c000 Exception <a 'java/lang/NoSuchFieldError': method resolution failed> (0x0000000781924a30) thrown at [D:\re\puppet\workspace\8-2-build-windows-amd64-cygwin\jdk8u73\6086\hotspot\src\share\vm\prims\methodHandles.cpp, line 1146]
Event: 0.602 Thread 0x000000000254c000 Exception <a 'java/lang/ClassNotFoundException': com/simba/model/TestSerializationBeanInfo> (0x0000000781a96bd8) thrown at [D:\re\puppet\workspace\8-2-build-windows-amd64-cygwin\jdk8u73\6086\hotspot\src\share\vm\classfile\systemDictionary.cpp, line 210]
Event: 0.602 Thread 0x000000000254c000 Exception <a 'java/lang/ClassNotFoundException': java/lang/ObjectBeanInfo> (0x0000000781a9bea0) thrown at [D:\re\puppet\workspace\8-2-build-windows-amd64-cygwin\jdk8u73\6086\hotspot\src\share\vm\classfile\systemDictionary.cpp, line 210]
Event: 0.603 Thread 0x000000000254c000 Exception <a 'java/lang/ClassNotFoundException': java/lang/ObjectCustomizer> (0x0000000781aa20a0) thrown at [D:\re\puppet\workspace\8-2-build-windows-amd64-cygwin\jdk8u73\6086\hotspot\src\share\vm\classfile\systemDictionary.cpp, line 210]
Event: 0.604 Thread 0x000000000254c000 Exception <a 'java/lang/ArrayIndexOutOfBoundsException'> (0x0000000781ab6ac0) thrown at [D:\re\puppet\workspace\8-2-build-windows-amd64-cygwin\jdk8u73\6086\hotspot\src\share\vm\runtime\sharedRuntime.cpp, line 605]
Event: 0.605 Thread 0x000000000254c000 Exception <a 'java/lang/ArrayIndexOutOfBoundsException'> (0x0000000781abec40) thrown at [D:\re\puppet\workspace\8-2-build-windows-amd64-cygwin\jdk8u73\6086\hotspot\src\share\vm\runtime\sharedRuntime.cpp, line 605]
Event: 0.606 Thread 0x000000000254c000 Exception <a 'java/lang/ArrayIndexOutOfBoundsException'> (0x0000000781ac6240) thrown at [D:\re\puppet\workspace\8-2-build-windows-amd64-cygwin\jdk8u73\6086\hotspot\src\share\vm\runtime\sharedRuntime.cpp, line 605]
Event: 0.607 Thread 0x000000000254c000 Exception <a 'java/lang/ClassNotFoundException': com/simba/model/TestSerializationCustomizer> (0x0000000781ae8b70) thrown at [D:\re\puppet\workspace\8-2-build-windows-amd64-cygwin\jdk8u73\6086\hotspot\src\share\vm\classfile\systemDictionary.cpp, line 210]

Events (10 events):
Event: 0.645 loading class java/lang/UnsupportedOperationException
Event: 0.645 loading class java/lang/UnsupportedOperationException done
Event: 0.645 loading class com/esotericsoftware/kryo/Kryo$DefaultInstantiatorStrategy$1
Event: 0.645 loading class com/esotericsoftware/kryo/Kryo$DefaultInstantiatorStrategy$1 done
Event: 0.645 Thread 0x000000000254c000 DEOPT PACKING pc=0x0000000002a97149 sp=0x000000000279d0c0
Event: 0.645 Thread 0x000000000254c000 DEOPT UNPACKING pc=0x000000000294787f sp=0x000000000279ce10 mode 1
Event: 0.645 Thread 0x000000000254c000 DEOPT PACKING pc=0x0000000002a72c24 sp=0x000000000279d140
Event: 0.645 Thread 0x000000000254c000 DEOPT UNPACKING pc=0x000000000294787f sp=0x000000000279cf60 mode 1
Event: 0.645 Thread 0x000000000254c000 DEOPT PACKING pc=0x0000000002a729bc sp=0x000000000279d2d0
Event: 0.645 Thread 0x000000000254c000 DEOPT UNPACKING pc=0x000000000294787f sp=0x000000000279d0f0 mode 1


Dynamic libraries:
0x000000013f090000 - 0x000000013f0c7000 	C:\Program Files\Java\jdk1.8.0_73\bin\java.exe
0x0000000076e70000 - 0x000000007700f000 	C:\Windows\SYSTEM32\ntdll.dll
0x0000000076c50000 - 0x0000000076d6f000 	C:\Windows\system32\kernel32.dll
0x000007fefceb0000 - 0x000007fefcf1a000 	C:\Windows\system32\KERNELBASE.dll
0x000007fefd280000 - 0x000007fefd35b000 	C:\Windows\system32\ADVAPI32.dll
0x000007fefd730000 - 0x000007fefd7cf000 	C:\Windows\system32\msvcrt.dll
0x000007fefd7d0000 - 0x000007fefd7ef000 	C:\Windows\SYSTEM32\sechost.dll
0x000007fefe720000 - 0x000007fefe84c000 	C:\Windows\system32\RPCRT4.dll
0x0000000076d70000 - 0x0000000076e6a000 	C:\Windows\system32\USER32.dll
0x000007fefd7f0000 - 0x000007fefd857000 	C:\Windows\system32\GDI32.dll
0x000007fefe5f0000 - 0x000007fefe5fe000 	C:\Windows\system32\LPK.dll
0x000007fefe600000 - 0x000007fefe6cb000 	C:\Windows\system32\USP10.dll
0x000007fefb8d0000 - 0x000007fefbac5000 	C:\Windows\WinSxS\amd64_microsoft.windows.common-controls_6595b64144ccf1df_6.0.7601.24440_none_e36f1bbf30ff0606\COMCTL32.dll
0x000007fefeac0000 - 0x000007fefeb31000 	C:\Windows\system32\SHLWAPI.dll
0x000007fefd490000 - 0x000007fefd4be000 	C:\Windows\system32\IMM32.DLL
0x000007fefd170000 - 0x000007fefd279000 	C:\Windows\system32\MSCTF.dll
0x000007fefcd20000 - 0x000007fefcd5c000 	C:\Windows\system32\SophosAV\SOPHOS~1.DLL
0x0000000077010000 - 0x0000000077017000 	C:\Windows\system32\PSAPI.DLL
0x000007fefcc70000 - 0x000007fefcc73000 	C:\Windows\system32\api-ms-win-core-synch-l1-2-0.DLL
0x000000006aab0000 - 0x000000006ab82000 	C:\Program Files\Java\jdk1.8.0_73\jre\bin\msvcr100.dll
0x00000000576c0000 - 0x0000000057f50000 	C:\Program Files\Java\jdk1.8.0_73\jre\bin\server\jvm.dll
0x000007fef8dc0000 - 0x000007fef8dc9000 	C:\Windows\system32\WSOCK32.dll
0x000007fefe6d0000 - 0x000007fefe71d000 	C:\Windows\system32\WS2_32.dll
0x000007fefd540000 - 0x000007fefd548000 	C:\Windows\system32\NSI.dll
0x000007fefac20000 - 0x000007fefac5b000 	C:\Windows\system32\WINMM.dll
0x000007fefbf70000 - 0x000007fefbf7c000 	C:\Windows\system32\VERSION.dll
0x0000000072080000 - 0x000000007208f000 	C:\Program Files\Java\jdk1.8.0_73\jre\bin\verify.dll
0x000000006f600000 - 0x000000006f629000 	C:\Program Files\Java\jdk1.8.0_73\jre\bin\java.dll
0x0000000071f80000 - 0x0000000071fb5000 	C:\Program Files\Java\jdk1.8.0_73\jre\bin\jdwp.dll
0x0000000071fe0000 - 0x0000000071fe8000 	C:\Program Files\Java\jdk1.8.0_73\jre\bin\npt.dll
0x000000006ac40000 - 0x000000006ac63000 	C:\Program Files\Java\jdk1.8.0_73\jre\bin\instrument.dll
0x000000006f5a0000 - 0x000000006f5b6000 	C:\Program Files\Java\jdk1.8.0_73\jre\bin\zip.dll
0x000007fefd860000 - 0x000007fefe5eb000 	C:\Windows\system32\SHELL32.dll
0x000007fefebe0000 - 0x000007fefeddf000 	C:\Windows\system32\ole32.dll
0x000007fefcd60000 - 0x000007fefcd6f000 	C:\Windows\system32\profapi.dll
0x000000006f570000 - 0x000000006f579000 	C:\Program Files\Java\jdk1.8.0_73\jre\bin\dt_socket.dll
0x000007fefc4c0000 - 0x000007fefc515000 	C:\Windows\system32\mswsock.dll
0x000007fefbe80000 - 0x000007fefbe87000 	C:\Windows\System32\wshtcpip.dll
0x000007fef6d10000 - 0x000007fef6e35000 	C:\Windows\system32\dbghelp.dll

VM Arguments:
jvm_args: -agentlib:jdwp=transport=dt_socket,address=127.0.0.1:64485,suspend=y,server=n -ea -Didea.test.cyclic.buffer.size=1048576 -javaagent:C:\Users\lilei.UT\.IntelliJIdea2019.1\system\captureAgent\debugger-agent.jar -Dfile.encoding=UTF-8 
java_command: com.intellij.rt.execution.junit.JUnitStarter -ideVersion5 -junit4 com.simba.controller.KryoController,kayoSerializer
java_class_path (initial): C:\Program Files\JetBrains\IntelliJ IDEA 2019.1.3\lib\idea_rt.jar;C:\Program Files\JetBrains\IntelliJ IDEA 2019.1.3\plugins\junit\lib\junit-rt.jar;C:\Program Files\JetBrains\IntelliJ IDEA 2019.1.3\plugins\junit\lib\junit5-rt.jar;C:\Program Files\Java\jdk1.8.0_73\jre\lib\charsets.jar;C:\Program Files\Java\jdk1.8.0_73\jre\lib\deploy.jar;C:\Program Files\Java\jdk1.8.0_73\jre\lib\ext\access-bridge-64.jar;C:\Program Files\Java\jdk1.8.0_73\jre\lib\ext\cldrdata.jar;C:\Program Files\Java\jdk1.8.0_73\jre\lib\ext\dnsns.jar;C:\Program Files\Java\jdk1.8.0_73\jre\lib\ext\jaccess.jar;C:\Program Files\Java\jdk1.8.0_73\jre\lib\ext\jfxrt.jar;C:\Program Files\Java\jdk1.8.0_73\jre\lib\ext\localedata.jar;C:\Program Files\Java\jdk1.8.0_73\jre\lib\ext\nashorn.jar;C:\Program Files\Java\jdk1.8.0_73\jre\lib\ext\sunec.jar;C:\Program Files\Java\jdk1.8.0_73\jre\lib\ext\sunjce_provider.jar;C:\Program Files\Java\jdk1.8.0_73\jre\lib\ext\sunmscapi.jar;C:\Program Files\Java\jdk1.8.0_73\jre\lib\ext\sunpkcs11.jar;C:\Program Files\Java\jdk1.8.0_73\jre\lib\ext\zipfs.jar;C:\Program Files\Java\jdk1.8.0_73\jre\lib\javaws.jar;C:\Program Files\Java\jdk1.8.0_73\jre\lib\jce.jar;C:\Program Files\Java\jdk1.8.0_73\jre\lib\jfr.jar;C:\Program Files\Java\jdk1.8.0_73\jre\lib\jfxswt.jar;C:\Program Files\Java\jdk1.8.0_73\jre\lib\jsse.jar;C:\Program Files\Java\jdk1.8.0_73\jre\lib\management-agent.jar;C:\Program Files\Java\jdk1.8.0_73\jre\lib\plugin.jar;C:\Program Files\Java\jdk1.8.0_73\jre\lib\resources.jar;C:\Program Files\Java\jdk1.8.0_73\jre\lib\rt.jar;E:\workProjectGit\serialization\target\classes;C:\Users\lilei.UT\.m2\repository\junit\junit\4.12\junit-4.12.jar;C:\Users\lilei.UT\.m2\repository\com\esotericsoftware\kryo\4.0.0\kryo-4.0.0.jar;C:\Users\lilei.UT\.m2\repository\com\esotericsoftware\reflectasm\1.11.3\reflectasm-1.11.3.jar;C:\Users\lilei.UT\.m2\repository\org\ow2\asm\asm\5.0.4\asm-5.0.4.jar;C:\Users\lilei.UT\.m2\repository\com\esotericsoftware\minlog\1.3.0\minlog-1.3.0.jar;C:\U
Launcher Type: SUN_STANDARD

Environment Variables:
JAVA_HOME=C:\Program Files\Java\jdk1.8.0_73
PATH=C:\Program Files (x86)\Common Files\Oracle\Java\javapath;C:\ProgramData\Oracle\Java\javapath;C:\Windows\system32;C:\Windows;C:\Windows\System32\Wbem;C:\Windows\System32\WindowsPowerShell\v1.0\;C:\Program Files\Java\jdk1.8.0_73\bin;E:\tools\apache-maven-3.3.3\bin;C:\Program Files\MySQL\MySQL Server 5.7\bin;C:\Program Files\Git\cmd;C:\Program Files (x86)\GitExtensions\;C:\Program Files\TortoiseSVN\bin;C:\PROGRA~2\Groovy\GROOVY~1.0\bin;C:\ProgramData\chocolatey\bin;C:\Program Files\nodejs\;C:\Users\lilei.UT\AppData\Local\Programs\Python\Python36;C:\Users\lilei.UT\AppData\Local\Programs\Python\Python36\Scripts;C:\Program Files (x86)\Rational\common;E:\tools\graphviz-2.38\release\bin;C:\Users\lilei.UT\AppData\Local\Programs\Python\Python36\;C:\Users\lilei.UT\AppData\Local\Programs\Python\Python36\Scripts\;C:\Ruby24-x64\bin;C:\Program Files (x86)\SSH Communications Security\SSH Secure Shell;C:\Users\lilei.UT\AppData\Local\Pandoc\;C:\Users\lilei.UT\AppData\Local\Programs\Microsoft VS Code\bin;C:\Program Files\erl10.3\bin;C:\Users\lilei.UT\AppData\Roaming\npm;C:\Program Files\JetBrains\IntelliJ IDEA 2019.1.3\bin;
USERNAME=lilei
OS=Windows_NT
PROCESSOR_IDENTIFIER=Intel64 Family 6 Model 60 Stepping 3, GenuineIntel



---------------  S Y S T E M  ---------------

OS: Windows 7 , 64 bit Build 7601 (6.1.7601.24441)

CPU:total 4 (4 cores per cpu, 1 threads per core) family 6 model 60 stepping 3, cmov, cx8, fxsr, mmx, sse, sse2, sse3, ssse3, sse4.1, sse4.2, popcnt, avx, avx2, aes, clmul, erms, lzcnt, tsc, tscinvbit, bmi1, bmi2

Memory: 4k page, physical 12493672k(2910032k free), swap 24985444k(11909192k free)

vm_info: Java HotSpot(TM) 64-Bit Server VM (25.73-b02) for windows-amd64 JRE (1.8.0_73-b02), built on Jan 29 2016 17:38:49 by "java_re" with MS VC++ 10.0 (VS2010)

time: Thu Dec 05 14:53:35 2019
elapsed time: 0 seconds (0d 0h 0m 0s)

