#
# A fatal error has been detected by the Java Runtime Environment:
#
#  EXCEPTION_ACCESS_VIOLATION (0xc0000005) at pc=0x0000000002d4ef5a, pid=24920, tid=18540
#
# JRE version: Java(TM) SE Runtime Environment (8.0_73-b02) (build 1.8.0_73-b02)
# Java VM: Java HotSpot(TM) 64-Bit Server VM (25.73-b02 mixed mode windows-amd64 compressed oops)
# Problematic frame:
# J 461 C2 java.lang.StringBuilder.append(Ljava/lang/String;)Ljava/lang/StringBuilder; (8 bytes) @ 0x0000000002d4ef5a [0x0000000002d4ef20+0x3a]
#
# Failed to write core dump. Minidumps are not enabled by default on client versions of Windows
#
# If you would like to submit a bug report, please visit:
#   http://bugreport.java.com/bugreport/crash.jsp
#

---------------  T H R E A D  ---------------

Current thread (0x00000000025fb000):  JavaThread "main" [_thread_in_Java, id=18540, stack(0x0000000002910000,0x0000000002a10000)]

siginfo: ExceptionCode=0xc0000005, reading address 0x0000000800000004

Registers:
RAX=0x00000000194b7838, RBX=0x00000000194b7838, RCX=0x0000000781941720, RDX=0x0000000781941720
RSP=0x0000000002a0e0e0, RBP=0x0000000002a0e1b8, RSI=0x00000000196d4eb8, RDI=0x0000000781864e30
R8 =0x0000000781941708, R9 =0x00000000000000dd, R10=0x00000000ffffffff, R11=0x0000000002d4ef40
R12=0x0000000000000000, R13=0x0000000002a0e168, R14=0x0000000002a0e1d0, R15=0x00000000025fb000
RIP=0x0000000002d4ef5a, EFLAGS=0x0000000000010202

Top of Stack: (sp=0x0000000002a0e0e0)
0x0000000002a0e0e0:   0000000002a0e1b8 0000000002cdc2e4
0x0000000002a0e0f0:   00000000198c9bb3 0000000002a0e168
0x0000000002a0e100:   0000000781941720 0000000000000000
0x0000000002a0e110:   00000022198c9c78 0000000000000000
0x0000000002a0e120:   0000000002a0e158 0000000781941708
0x0000000002a0e130:   0000000781941720 0000000000000000
0x0000000002a0e140:   0000000002a0e1b8 0000000002b37ced
0x0000000002a0e150:   0000000002a0e1b8 0000000002b37a70
0x0000000002a0e160:   0000000002b37a70 0000000781941708
0x0000000002a0e170:   0000000781941720 0000000002a0e178
0x0000000002a0e180:   00000000198c33fc 0000000002a0e1d0
0x0000000002a0e190:   00000000198c34c0 0000000000000000
0x0000000002a0e1a0:   00000000198c3448 0000000002a0e168
0x0000000002a0e1b0:   0000000002a0e1d0 0000000002a0e220
0x0000000002a0e1c0:   0000000002b37a70 0000000781941720
0x0000000002a0e1d0:   0000000781941708 00000007807605a8 

Instructions: (pc=0x0000000002d4ef5a)
0x0000000002d4ef3a:   00 00 66 66 66 90 89 84 24 00 a0 ff ff 55 48 83
0x0000000002d4ef4a:   ec 70 48 89 54 24 20 4c 89 44 24 48 45 8b 50 0c
0x0000000002d4ef5a:   43 8b 5c d4 0c 44 8b 4a 10 47 8b 44 cc 0c 44 89
0x0000000002d4ef6a:   44 24 34 44 8b 5a 0c 8b eb 41 03 eb 44 8b c5 44 


Register to memory mapping:

RAX={method} {0x00000000194b7840} 'append' '(Ljava/lang/String;)Ljava/lang/StringBuilder;' in 'java/lang/StringBuilder'
RBX={method} {0x00000000194b7840} 'append' '(Ljava/lang/String;)Ljava/lang/StringBuilder;' in 'java/lang/StringBuilder'
RCX=0x0000000781941720 is an oop
java.lang.StringBuilder 
 - klass: 'java/lang/StringBuilder'
RDX=0x0000000781941720 is an oop
java.lang.StringBuilder 
 - klass: 'java/lang/StringBuilder'
RSP=0x0000000002a0e0e0 is pointing into the stack for thread: 0x00000000025fb000
RBP=0x0000000002a0e1b8 is pointing into the stack for thread: 0x00000000025fb000
RSI=0x00000000196d4eb8 is pointing into metadata
RDI=0x0000000781864e30 is an oop
[C 
 - klass: {type array char}
 - length: 6
R8 =0x0000000781941708 is an oop
com.simba.model.TestSerialization 
 - klass: 'com/simba/model/TestSerialization'
R9 =0x00000000000000dd is an unknown value
R10=0x00000000ffffffff is an unknown value
R11=0x0000000002d4ef40 is at entry_point+32 in (nmethod*)0x0000000002d4edd0
R12=0x0000000000000000 is an unknown value
R13=0x0000000002a0e168 is pointing into the stack for thread: 0x00000000025fb000
R14=0x0000000002a0e1d0 is pointing into the stack for thread: 0x00000000025fb000
R15=0x00000000025fb000 is a thread


Stack: [0x0000000002910000,0x0000000002a10000],  sp=0x0000000002a0e0e0,  free space=1016k
Native frames: (J=compiled Java code, j=interpreted, Vv=VM code, C=native code)
C  0x0000000002d4ef5a


---------------  P R O C E S S  ---------------

Java Threads: ( => current thread )
  0x000000001b45c000 JavaThread "Service Thread" daemon [_thread_blocked, id=30432, stack(0x000000001c1e0000,0x000000001c2e0000)]
  0x000000001b409800 JavaThread "C1 CompilerThread2" daemon [_thread_blocked, id=28684, stack(0x000000001c010000,0x000000001c110000)]
  0x000000001b3fe000 JavaThread "C2 CompilerThread1" daemon [_thread_blocked, id=12820, stack(0x000000001bdf0000,0x000000001bef0000)]
  0x000000001b3c0000 JavaThread "C2 CompilerThread0" daemon [_thread_blocked, id=29956, stack(0x000000001bbe0000,0x000000001bce0000)]
  0x000000001b3b1000 JavaThread "Monitor Ctrl-Break" daemon [_thread_in_native, id=27816, stack(0x000000001baa0000,0x000000001bba0000)]
  0x0000000019e34000 JavaThread "Attach Listener" daemon [_thread_blocked, id=23788, stack(0x000000001ae70000,0x000000001af70000)]
  0x0000000019e3f000 JavaThread "Signal Dispatcher" daemon [_thread_blocked, id=11916, stack(0x000000001b8a0000,0x000000001b9a0000)]
  0x0000000019ddb800 JavaThread "Finalizer" daemon [_thread_blocked, id=23504, stack(0x000000001b280000,0x000000001b380000)]
  0x0000000019dd2800 JavaThread "Reference Handler" daemon [_thread_blocked, id=16012, stack(0x000000001b120000,0x000000001b220000)]
=>0x00000000025fb000 JavaThread "main" [_thread_in_Java, id=18540, stack(0x0000000002910000,0x0000000002a10000)]

Other Threads:
  0x0000000019dcf000 VMThread [stack: 0x000000001afc0000,0x000000001b0c0000] [id=20780]
  0x000000001b463800 WatcherThread [stack: 0x000000001bcf0000,0x000000001bdf0000] [id=6436]

VM state:not at safepoint (normal execution)

VM Mutex/Monitor currently owned by a thread: None

Heap:
 PSYoungGen      total 57344K, used 18708K [0x0000000780700000, 0x0000000784700000, 0x00000007c0000000)
  eden space 49152K, 38% used [0x0000000780700000,0x0000000781945108,0x0000000783700000)
  from space 8192K, 0% used [0x0000000783f00000,0x0000000783f00000,0x0000000784700000)
  to   space 8192K, 0% used [0x0000000783700000,0x0000000783700000,0x0000000783f00000)
 ParOldGen       total 131072K, used 0K [0x0000000701400000, 0x0000000709400000, 0x0000000780700000)
  object space 131072K, 0% used [0x0000000701400000,0x0000000701400000,0x0000000709400000)
 Metaspace       used 7998K, capacity 8242K, committed 8448K, reserved 1056768K
  class space    used 906K, capacity 998K, committed 1024K, reserved 1048576K

Card table byte_map: [0x0000000011ef0000,0x00000000124f0000] byte_map_base: 0x000000000e6e6000

Marking Bits: (ParMarkBitMap*) 0x0000000057ed0600
 Begin Bits: [0x0000000012ee0000, 0x0000000015e90000)
 End Bits:   [0x0000000015e90000, 0x0000000018e40000)

Polling page: 0x0000000000680000

CodeCache: size=245760Kb used=2424Kb max_used=2424Kb free=243335Kb
 bounds [0x0000000002b30000, 0x0000000002da0000, 0x0000000011b30000]
 total_blobs=894 nmethods=572 adapters=235
 compilation: enabled

Compilation events (10 events):
Event: 0.416 Thread 0x000000001b409800  568       3       java.net.URLStreamHandler::toExternalForm (219 bytes)
Event: 0.417 Thread 0x000000001b409800 nmethod 568 0x0000000002d8a3d0 code [0x0000000002d8a700, 0x0000000002d8daf8]
Event: 0.417 Thread 0x000000001b409800  569       3       java.lang.ClassLoader::compareCerts (149 bytes)
Event: 0.417 Thread 0x000000001b409800 nmethod 569 0x0000000002d87d50 code [0x0000000002d87f20, 0x0000000002d887f8]
Event: 0.417 Thread 0x000000001b409800  570       3       java.lang.Package::isSealed (13 bytes)
Event: 0.417 Thread 0x000000001b409800 nmethod 570 0x0000000002d879d0 code [0x0000000002d87b20, 0x0000000002d87cd0]
Event: 0.418 Thread 0x000000001b409800  571       3       java.lang.reflect.Executable::<init> (5 bytes)
Event: 0.418 Thread 0x000000001b409800 nmethod 571 0x0000000002d87590 code [0x0000000002d87700, 0x0000000002d87910]
Event: 0.419 Thread 0x000000001b409800  572       3       java.lang.Class::checkInitted (19 bytes)
Event: 0.419 Thread 0x000000001b409800 nmethod 572 0x0000000002d8e9d0 code [0x0000000002d8eb40, 0x0000000002d8ee08]

GC Heap History (0 events):
No events

Deoptimization events (0 events):
No events

Internal exceptions (10 events):
Event: 0.139 Thread 0x00000000025fb000 Exception <a 'java/security/PrivilegedActionException'> (0x0000000780c1ed00) thrown at [D:\re\puppet\workspace\8-2-build-windows-amd64-cygwin\jdk8u73\6086\hotspot\src\share\vm\prims\jvm.cpp, line 1386]
Event: 0.362 Thread 0x00000000025fb000 Exception <a 'java/lang/NoSuchFieldError': method resolution failed> (0x0000000781615110) thrown at [D:\re\puppet\workspace\8-2-build-windows-amd64-cygwin\jdk8u73\6086\hotspot\src\share\vm\prims\methodHandles.cpp, line 1146]
Event: 0.366 Thread 0x00000000025fb000 Exception <a 'java/lang/NoSuchFieldError': method resolution failed> (0x00000007816230a0) thrown at [D:\re\puppet\workspace\8-2-build-windows-amd64-cygwin\jdk8u73\6086\hotspot\src\share\vm\prims\methodHandles.cpp, line 1146]
Event: 0.387 Thread 0x00000000025fb000 Exception <a 'java/lang/ClassNotFoundException': com/simba/model/TestSerializationBeanInfo> (0x00000007817398b0) thrown at [D:\re\puppet\workspace\8-2-build-windows-amd64-cygwin\jdk8u73\6086\hotspot\src\share\vm\classfile\systemDictionary.cpp, line 210]
Event: 0.387 Thread 0x00000000025fb000 Exception <a 'java/lang/ClassNotFoundException': java/lang/ObjectBeanInfo> (0x000000078173ea88) thrown at [D:\re\puppet\workspace\8-2-build-windows-amd64-cygwin\jdk8u73\6086\hotspot\src\share\vm\classfile\systemDictionary.cpp, line 210]
Event: 0.387 Thread 0x00000000025fb000 Exception <a 'java/lang/ClassNotFoundException': java/lang/ObjectCustomizer> (0x0000000781744470) thrown at [D:\re\puppet\workspace\8-2-build-windows-amd64-cygwin\jdk8u73\6086\hotspot\src\share\vm\classfile\systemDictionary.cpp, line 210]
Event: 0.389 Thread 0x00000000025fb000 Exception <a 'java/lang/ArrayIndexOutOfBoundsException'> (0x000000078174f750) thrown at [D:\re\puppet\workspace\8-2-build-windows-amd64-cygwin\jdk8u73\6086\hotspot\src\share\vm\runtime\sharedRuntime.cpp, line 605]
Event: 0.389 Thread 0x00000000025fb000 Exception <a 'java/lang/ArrayIndexOutOfBoundsException'> (0x0000000781755050) thrown at [D:\re\puppet\workspace\8-2-build-windows-amd64-cygwin\jdk8u73\6086\hotspot\src\share\vm\runtime\sharedRuntime.cpp, line 605]
Event: 0.390 Thread 0x00000000025fb000 Exception <a 'java/lang/ArrayIndexOutOfBoundsException'> (0x000000078175a368) thrown at [D:\re\puppet\workspace\8-2-build-windows-amd64-cygwin\jdk8u73\6086\hotspot\src\share\vm\runtime\sharedRuntime.cpp, line 605]
Event: 0.391 Thread 0x00000000025fb000 Exception <a 'java/lang/ClassNotFoundException': com/simba/model/TestSerializationCustomizer> (0x00000007817732b8) thrown at [D:\re\puppet\workspace\8-2-build-windows-amd64-cygwin\jdk8u73\6086\hotspot\src\share\vm\classfile\systemDictionary.cpp, line 210]

Events (10 events):
Event: 0.418 loading class com/esotericsoftware/kryo/serializers/MapSerializer$BindMap
Event: 0.418 loading class com/esotericsoftware/kryo/serializers/MapSerializer$BindMap done
Event: 0.418 loading class com/simba/model/TestSerializationConstructorAccess
Event: 0.418 loading class com/simba/model/TestSerializationConstructorAccess done
Event: 0.418 loading class com/simba/model/TestSerializationConstructorAccess
Event: 0.418 loading class com/simba/model/TestSerializationConstructorAccess done
Event: 0.419 loading class java/lang/UnsupportedOperationException
Event: 0.419 loading class java/lang/UnsupportedOperationException done
Event: 0.419 loading class com/esotericsoftware/kryo/Kryo$DefaultInstantiatorStrategy$1
Event: 0.419 loading class com/esotericsoftware/kryo/Kryo$DefaultInstantiatorStrategy$1 done


Dynamic libraries:
0x000000013f770000 - 0x000000013f7a7000 	C:\Program Files\Java\jdk1.8.0_73\bin\java.exe
0x0000000076e70000 - 0x000000007700f000 	C:\Windows\SYSTEM32\ntdll.dll
0x0000000076c50000 - 0x0000000076d6f000 	C:\Windows\system32\kernel32.dll
0x000007fefceb0000 - 0x000007fefcf1a000 	C:\Windows\system32\KERNELBASE.dll
0x000007fefd280000 - 0x000007fefd35b000 	C:\Windows\system32\ADVAPI32.dll
0x000007fefd730000 - 0x000007fefd7cf000 	C:\Windows\system32\msvcrt.dll
0x000007fefd7d0000 - 0x000007fefd7ef000 	C:\Windows\SYSTEM32\sechost.dll
0x000007fefe720000 - 0x000007fefe84c000 	C:\Windows\system32\RPCRT4.dll
0x0000000076d70000 - 0x0000000076e6a000 	C:\Windows\system32\USER32.dll
0x000007fefd7f0000 - 0x000007fefd857000 	C:\Windows\system32\GDI32.dll
0x000007fefe5f0000 - 0x000007fefe5fe000 	C:\Windows\system32\LPK.dll
0x000007fefe600000 - 0x000007fefe6cb000 	C:\Windows\system32\USP10.dll
0x000007fefb8d0000 - 0x000007fefbac5000 	C:\Windows\WinSxS\amd64_microsoft.windows.common-controls_6595b64144ccf1df_6.0.7601.24440_none_e36f1bbf30ff0606\COMCTL32.dll
0x000007fefeac0000 - 0x000007fefeb31000 	C:\Windows\system32\SHLWAPI.dll
0x000007fefd490000 - 0x000007fefd4be000 	C:\Windows\system32\IMM32.DLL
0x000007fefd170000 - 0x000007fefd279000 	C:\Windows\system32\MSCTF.dll
0x000007fefcd20000 - 0x000007fefcd5c000 	C:\Windows\system32\SophosAV\SOPHOS~1.DLL
0x0000000077010000 - 0x0000000077017000 	C:\Windows\system32\PSAPI.DLL
0x000007fefcc70000 - 0x000007fefcc73000 	C:\Windows\system32\api-ms-win-core-synch-l1-2-0.DLL
0x000000006aab0000 - 0x000000006ab82000 	C:\Program Files\Java\jdk1.8.0_73\jre\bin\msvcr100.dll
0x00000000576c0000 - 0x0000000057f50000 	C:\Program Files\Java\jdk1.8.0_73\jre\bin\server\jvm.dll
0x000007fef8dc0000 - 0x000007fef8dc9000 	C:\Windows\system32\WSOCK32.dll
0x000007fefe6d0000 - 0x000007fefe71d000 	C:\Windows\system32\WS2_32.dll
0x000007fefd540000 - 0x000007fefd548000 	C:\Windows\system32\NSI.dll
0x000007fefac20000 - 0x000007fefac5b000 	C:\Windows\system32\WINMM.dll
0x000007fefbf70000 - 0x000007fefbf7c000 	C:\Windows\system32\VERSION.dll
0x0000000072080000 - 0x000000007208f000 	C:\Program Files\Java\jdk1.8.0_73\jre\bin\verify.dll
0x000000006f600000 - 0x000000006f629000 	C:\Program Files\Java\jdk1.8.0_73\jre\bin\java.dll
0x0000000071f90000 - 0x0000000071fb3000 	C:\Program Files\Java\jdk1.8.0_73\jre\bin\instrument.dll
0x000000006f5a0000 - 0x000000006f5b6000 	C:\Program Files\Java\jdk1.8.0_73\jre\bin\zip.dll
0x000007fefd860000 - 0x000007fefe5eb000 	C:\Windows\system32\SHELL32.dll
0x000007fefebe0000 - 0x000007fefeddf000 	C:\Windows\system32\ole32.dll
0x000007fefcd60000 - 0x000007fefcd6f000 	C:\Windows\system32\profapi.dll
0x000007fefa400000 - 0x000007fefa41a000 	C:\Program Files\JetBrains\IntelliJ IDEA 2019.1.3\bin\breakgen64.dll
0x0000000071f00000 - 0x0000000071f1a000 	C:\Program Files\Java\jdk1.8.0_73\jre\bin\net.dll
0x000007fefc4c0000 - 0x000007fefc515000 	C:\Windows\system32\mswsock.dll
0x000007fefc4b0000 - 0x000007fefc4b7000 	C:\Windows\System32\wship6.dll
0x000007fef6d10000 - 0x000007fef6e35000 	C:\Windows\system32\dbghelp.dll

VM Arguments:
jvm_args: -ea -Didea.test.cyclic.buffer.size=1048576 -javaagent:C:\Program Files\JetBrains\IntelliJ IDEA 2019.1.3\lib\idea_rt.jar=64772:C:\Program Files\JetBrains\IntelliJ IDEA 2019.1.3\bin -Dfile.encoding=UTF-8 
java_command: com.intellij.rt.execution.junit.JUnitStarter -ideVersion5 -junit4 com.simba.controller.KryoController,kayoSerializer
java_class_path (initial): C:\Program Files\JetBrains\IntelliJ IDEA 2019.1.3\lib\idea_rt.jar;C:\Program Files\JetBrains\IntelliJ IDEA 2019.1.3\plugins\junit\lib\junit-rt.jar;C:\Program Files\JetBrains\IntelliJ IDEA 2019.1.3\plugins\junit\lib\junit5-rt.jar;C:\Program Files\Java\jdk1.8.0_73\jre\lib\charsets.jar;C:\Program Files\Java\jdk1.8.0_73\jre\lib\deploy.jar;C:\Program Files\Java\jdk1.8.0_73\jre\lib\ext\access-bridge-64.jar;C:\Program Files\Java\jdk1.8.0_73\jre\lib\ext\cldrdata.jar;C:\Program Files\Java\jdk1.8.0_73\jre\lib\ext\dnsns.jar;C:\Program Files\Java\jdk1.8.0_73\jre\lib\ext\jaccess.jar;C:\Program Files\Java\jdk1.8.0_73\jre\lib\ext\jfxrt.jar;C:\Program Files\Java\jdk1.8.0_73\jre\lib\ext\localedata.jar;C:\Program Files\Java\jdk1.8.0_73\jre\lib\ext\nashorn.jar;C:\Program Files\Java\jdk1.8.0_73\jre\lib\ext\sunec.jar;C:\Program Files\Java\jdk1.8.0_73\jre\lib\ext\sunjce_provider.jar;C:\Program Files\Java\jdk1.8.0_73\jre\lib\ext\sunmscapi.jar;C:\Program Files\Java\jdk1.8.0_73\jre\lib\ext\sunpkcs11.jar;C:\Program Files\Java\jdk1.8.0_73\jre\lib\ext\zipfs.jar;C:\Program Files\Java\jdk1.8.0_73\jre\lib\javaws.jar;C:\Program Files\Java\jdk1.8.0_73\jre\lib\jce.jar;C:\Program Files\Java\jdk1.8.0_73\jre\lib\jfr.jar;C:\Program Files\Java\jdk1.8.0_73\jre\lib\jfxswt.jar;C:\Program Files\Java\jdk1.8.0_73\jre\lib\jsse.jar;C:\Program Files\Java\jdk1.8.0_73\jre\lib\management-agent.jar;C:\Program Files\Java\jdk1.8.0_73\jre\lib\plugin.jar;C:\Program Files\Java\jdk1.8.0_73\jre\lib\resources.jar;C:\Program Files\Java\jdk1.8.0_73\jre\lib\rt.jar;E:\workProjectGit\serialization\target\classes;C:\Users\lilei.UT\.m2\repository\junit\junit\4.12\junit-4.12.jar;C:\Users\lilei.UT\.m2\repository\com\esotericsoftware\kryo\4.0.0\kryo-4.0.0.jar;C:\Users\lilei.UT\.m2\repository\com\esotericsoftware\reflectasm\1.11.3\reflectasm-1.11.3.jar;C:\Users\lilei.UT\.m2\repository\org\ow2\asm\asm\5.0.4\asm-5.0.4.jar;C:\Users\lilei.UT\.m2\repository\com\esotericsoftware\minlog\1.3.0\minlog-1.3.0.jar;C:\U
Launcher Type: SUN_STANDARD

Environment Variables:
JAVA_HOME=C:\Program Files\Java\jdk1.8.0_73
PATH=C:\Program Files (x86)\Common Files\Oracle\Java\javapath;C:\ProgramData\Oracle\Java\javapath;C:\Windows\system32;C:\Windows;C:\Windows\System32\Wbem;C:\Windows\System32\WindowsPowerShell\v1.0\;C:\Program Files\Java\jdk1.8.0_73\bin;E:\tools\apache-maven-3.3.3\bin;C:\Program Files\MySQL\MySQL Server 5.7\bin;C:\Program Files\Git\cmd;C:\Program Files (x86)\GitExtensions\;C:\Program Files\TortoiseSVN\bin;C:\PROGRA~2\Groovy\GROOVY~1.0\bin;C:\ProgramData\chocolatey\bin;C:\Program Files\nodejs\;C:\Users\lilei.UT\AppData\Local\Programs\Python\Python36;C:\Users\lilei.UT\AppData\Local\Programs\Python\Python36\Scripts;C:\Program Files (x86)\Rational\common;E:\tools\graphviz-2.38\release\bin;C:\Users\lilei.UT\AppData\Local\Programs\Python\Python36\;C:\Users\lilei.UT\AppData\Local\Programs\Python\Python36\Scripts\;C:\Ruby24-x64\bin;C:\Program Files (x86)\SSH Communications Security\SSH Secure Shell;C:\Users\lilei.UT\AppData\Local\Pandoc\;C:\Users\lilei.UT\AppData\Local\Programs\Microsoft VS Code\bin;C:\Program Files\erl10.3\bin;C:\Users\lilei.UT\AppData\Roaming\npm;C:\Program Files\JetBrains\IntelliJ IDEA 2019.1.3\bin;
USERNAME=lilei
OS=Windows_NT
PROCESSOR_IDENTIFIER=Intel64 Family 6 Model 60 Stepping 3, GenuineIntel



---------------  S Y S T E M  ---------------

OS: Windows 7 , 64 bit Build 7601 (6.1.7601.24441)

CPU:total 4 (4 cores per cpu, 1 threads per core) family 6 model 60 stepping 3, cmov, cx8, fxsr, mmx, sse, sse2, sse3, ssse3, sse4.1, sse4.2, popcnt, avx, avx2, aes, clmul, erms, lzcnt, tsc, tscinvbit, bmi1, bmi2

Memory: 4k page, physical 12493672k(2851124k free), swap 24985444k(11836860k free)

vm_info: Java HotSpot(TM) 64-Bit Server VM (25.73-b02) for windows-amd64 JRE (1.8.0_73-b02), built on Jan 29 2016 17:38:49 by "java_re" with MS VC++ 10.0 (VS2010)

time: Thu Dec 05 14:58:02 2019
elapsed time: 0 seconds (0d 0h 0m 0s)

